<?xml version="1.0" encoding="UTF-8"?>
<testsuite xmlns:xsi="http://www.w3.org/2001/XMLSchema-instance" xsi:noNamespaceSchemaLocation="https://maven.apache.org/surefire/maven-surefire-plugin/xsd/surefire-test-report.xsd" name="com.system.xadmin.JwtUtilTest" time="8.138" tests="2" errors="1" skipped="0" failures="0">
  <properties>
    <property name="sun.desktop" value="windows"/>
    <property name="awt.toolkit" value="sun.awt.windows.WToolkit"/>
    <property name="file.encoding.pkg" value="sun.io"/>
    <property name="java.specification.version" value="1.8"/>
    <property name="sun.cpu.isalist" value="amd64"/>
    <property name="sun.jnu.encoding" value="GBK"/>
    <property name="java.class.path" value="D:\code\x-admin\target\test-classes;D:\code\x-admin\target\classes;D:\tools\repository\org\springframework\boot\spring-boot-starter\2.7.14\spring-boot-starter-2.7.14.jar;D:\tools\repository\org\springframework\boot\spring-boot\2.7.14\spring-boot-2.7.14.jar;D:\tools\repository\org\springframework\boot\spring-boot-autoconfigure\2.7.14\spring-boot-autoconfigure-2.7.14.jar;D:\tools\repository\org\springframework\boot\spring-boot-starter-logging\2.7.14\spring-boot-starter-logging-2.7.14.jar;D:\tools\repository\ch\qos\logback\logback-classic\1.2.12\logback-classic-1.2.12.jar;D:\tools\repository\ch\qos\logback\logback-core\1.2.12\logback-core-1.2.12.jar;D:\tools\repository\org\apache\logging\log4j\log4j-to-slf4j\2.17.2\log4j-to-slf4j-2.17.2.jar;D:\tools\repository\org\apache\logging\log4j\log4j-api\2.17.2\log4j-api-2.17.2.jar;D:\tools\repository\org\slf4j\jul-to-slf4j\1.7.36\jul-to-slf4j-1.7.36.jar;D:\tools\repository\jakarta\annotation\jakarta.annotation-api\1.3.5\jakarta.annotation-api-1.3.5.jar;D:\tools\repository\org\springframework\spring-core\5.3.29\spring-core-5.3.29.jar;D:\tools\repository\org\springframework\spring-jcl\5.3.29\spring-jcl-5.3.29.jar;D:\tools\repository\org\yaml\snakeyaml\1.30\snakeyaml-1.30.jar;D:\tools\repository\org\springframework\boot\spring-boot-starter-test\2.7.14\spring-boot-starter-test-2.7.14.jar;D:\tools\repository\org\springframework\boot\spring-boot-test\2.7.14\spring-boot-test-2.7.14.jar;D:\tools\repository\org\springframework\boot\spring-boot-test-autoconfigure\2.7.14\spring-boot-test-autoconfigure-2.7.14.jar;D:\tools\repository\com\jayway\jsonpath\json-path\2.7.0\json-path-2.7.0.jar;D:\tools\repository\net\minidev\json-smart\2.4.11\json-smart-2.4.11.jar;D:\tools\repository\net\minidev\accessors-smart\2.4.11\accessors-smart-2.4.11.jar;D:\tools\repository\org\ow2\asm\asm\9.3\asm-9.3.jar;D:\tools\repository\jakarta\xml\bind\jakarta.xml.bind-api\2.3.3\jakarta.xml.bind-api-2.3.3.jar;D:\tools\repository\jakarta\activation\jakarta.activation-api\1.2.2\jakarta.activation-api-1.2.2.jar;D:\tools\repository\org\assertj\assertj-core\3.22.0\assertj-core-3.22.0.jar;D:\tools\repository\org\hamcrest\hamcrest\2.2\hamcrest-2.2.jar;D:\tools\repository\org\junit\jupiter\junit-jupiter\5.8.2\junit-jupiter-5.8.2.jar;D:\tools\repository\org\junit\jupiter\junit-jupiter-api\5.8.2\junit-jupiter-api-5.8.2.jar;D:\tools\repository\org\opentest4j\opentest4j\1.2.0\opentest4j-1.2.0.jar;D:\tools\repository\org\junit\platform\junit-platform-commons\1.8.2\junit-platform-commons-1.8.2.jar;D:\tools\repository\org\apiguardian\apiguardian-api\1.1.2\apiguardian-api-1.1.2.jar;D:\tools\repository\org\junit\jupiter\junit-jupiter-params\5.8.2\junit-jupiter-params-5.8.2.jar;D:\tools\repository\org\junit\jupiter\junit-jupiter-engine\5.8.2\junit-jupiter-engine-5.8.2.jar;D:\tools\repository\org\junit\platform\junit-platform-engine\1.8.2\junit-platform-engine-1.8.2.jar;D:\tools\repository\org\mockito\mockito-core\4.5.1\mockito-core-4.5.1.jar;D:\tools\repository\net\bytebuddy\byte-buddy\1.12.23\byte-buddy-1.12.23.jar;D:\tools\repository\net\bytebuddy\byte-buddy-agent\1.12.23\byte-buddy-agent-1.12.23.jar;D:\tools\repository\org\objenesis\objenesis\3.2\objenesis-3.2.jar;D:\tools\repository\org\mockito\mockito-junit-jupiter\4.5.1\mockito-junit-jupiter-4.5.1.jar;D:\tools\repository\org\skyscreamer\jsonassert\1.5.1\jsonassert-1.5.1.jar;D:\tools\repository\com\vaadin\external\google\android-json\0.0.20131108.vaadin1\android-json-0.0.20131108.vaadin1.jar;D:\tools\repository\org\springframework\spring-test\5.3.29\spring-test-5.3.29.jar;D:\tools\repository\org\xmlunit\xmlunit-core\2.9.1\xmlunit-core-2.9.1.jar;D:\tools\repository\org\springframework\boot\spring-boot-starter-web\2.7.14\spring-boot-starter-web-2.7.14.jar;D:\tools\repository\org\springframework\boot\spring-boot-starter-json\2.7.14\spring-boot-starter-json-2.7.14.jar;D:\tools\repository\com\fasterxml\jackson\datatype\jackson-datatype-jdk8\2.13.5\jackson-datatype-jdk8-2.13.5.jar;D:\tools\repository\com\fasterxml\jackson\datatype\jackson-datatype-jsr310\2.13.5\jackson-datatype-jsr310-2.13.5.jar;D:\tools\repository\com\fasterxml\jackson\module\jackson-module-parameter-names\2.13.5\jackson-module-parameter-names-2.13.5.jar;D:\tools\repository\org\springframework\boot\spring-boot-starter-tomcat\2.7.14\spring-boot-starter-tomcat-2.7.14.jar;D:\tools\repository\org\apache\tomcat\embed\tomcat-embed-core\9.0.78\tomcat-embed-core-9.0.78.jar;D:\tools\repository\org\apache\tomcat\embed\tomcat-embed-el\9.0.78\tomcat-embed-el-9.0.78.jar;D:\tools\repository\org\apache\tomcat\embed\tomcat-embed-websocket\9.0.78\tomcat-embed-websocket-9.0.78.jar;D:\tools\repository\org\springframework\spring-web\5.3.29\spring-web-5.3.29.jar;D:\tools\repository\org\springframework\spring-webmvc\5.3.29\spring-webmvc-5.3.29.jar;D:\tools\repository\com\mysql\mysql-connector-j\8.0.33\mysql-connector-j-8.0.33.jar;D:\tools\repository\com\baomidou\mybatis-plus-boot-starter\3.5.2\mybatis-plus-boot-starter-3.5.2.jar;D:\tools\repository\com\baomidou\mybatis-plus\3.5.2\mybatis-plus-3.5.2.jar;D:\tools\repository\com\baomidou\mybatis-plus-extension\3.5.2\mybatis-plus-extension-3.5.2.jar;D:\tools\repository\com\baomidou\mybatis-plus-core\3.5.2\mybatis-plus-core-3.5.2.jar;D:\tools\repository\com\baomidou\mybatis-plus-annotation\3.5.2\mybatis-plus-annotation-3.5.2.jar;D:\tools\repository\com\github\jsqlparser\jsqlparser\4.4\jsqlparser-4.4.jar;D:\tools\repository\org\mybatis\mybatis\3.5.10\mybatis-3.5.10.jar;D:\tools\repository\org\mybatis\mybatis-spring\2.0.7\mybatis-spring-2.0.7.jar;D:\tools\repository\org\jetbrains\kotlin\kotlin-stdlib-jdk8\1.6.21\kotlin-stdlib-jdk8-1.6.21.jar;D:\tools\repository\org\jetbrains\kotlin\kotlin-stdlib\1.6.21\kotlin-stdlib-1.6.21.jar;D:\tools\repository\org\jetbrains\kotlin\kotlin-stdlib-common\1.6.21\kotlin-stdlib-common-1.6.21.jar;D:\tools\repository\org\jetbrains\annotations\13.0\annotations-13.0.jar;D:\tools\repository\org\jetbrains\kotlin\kotlin-stdlib-jdk7\1.6.21\kotlin-stdlib-jdk7-1.6.21.jar;D:\tools\repository\org\springframework\boot\spring-boot-starter-jdbc\2.7.14\spring-boot-starter-jdbc-2.7.14.jar;D:\tools\repository\com\zaxxer\HikariCP\4.0.3\HikariCP-4.0.3.jar;D:\tools\repository\org\springframework\spring-jdbc\5.3.29\spring-jdbc-5.3.29.jar;D:\tools\repository\com\baomidou\mybatis-plus-generator\3.5.2\mybatis-plus-generator-3.5.2.jar;D:\tools\repository\org\freemarker\freemarker\2.3.32\freemarker-2.3.32.jar;D:\tools\repository\org\projectlombok\lombok\1.18.28\lombok-1.18.28.jar;D:\tools\repository\org\springframework\boot\spring-boot-starter-data-redis\2.7.14\spring-boot-starter-data-redis-2.7.14.jar;D:\tools\repository\org\springframework\data\spring-data-redis\2.7.14\spring-data-redis-2.7.14.jar;D:\tools\repository\org\springframework\data\spring-data-keyvalue\2.7.14\spring-data-keyvalue-2.7.14.jar;D:\tools\repository\org\springframework\data\spring-data-commons\2.7.14\spring-data-commons-2.7.14.jar;D:\tools\repository\org\springframework\spring-tx\5.3.29\spring-tx-5.3.29.jar;D:\tools\repository\org\springframework\spring-oxm\5.3.29\spring-oxm-5.3.29.jar;D:\tools\repository\org\springframework\spring-context-support\5.3.29\spring-context-support-5.3.29.jar;D:\tools\repository\io\lettuce\lettuce-core\6.1.10.RELEASE\lettuce-core-6.1.10.RELEASE.jar;D:\tools\repository\io\netty\netty-common\4.1.94.Final\netty-common-4.1.94.Final.jar;D:\tools\repository\io\netty\netty-handler\4.1.94.Final\netty-handler-4.1.94.Final.jar;D:\tools\repository\io\netty\netty-resolver\4.1.94.Final\netty-resolver-4.1.94.Final.jar;D:\tools\repository\io\netty\netty-buffer\4.1.94.Final\netty-buffer-4.1.94.Final.jar;D:\tools\repository\io\netty\netty-transport-native-unix-common\4.1.94.Final\netty-transport-native-unix-common-4.1.94.Final.jar;D:\tools\repository\io\netty\netty-codec\4.1.94.Final\netty-codec-4.1.94.Final.jar;D:\tools\repository\io\netty\netty-transport\4.1.94.Final\netty-transport-4.1.94.Final.jar;D:\tools\repository\io\projectreactor\reactor-core\3.4.31\reactor-core-3.4.31.jar;D:\tools\repository\org\reactivestreams\reactive-streams\1.0.4\reactive-streams-1.0.4.jar;D:\tools\repository\com\alibaba\fastjson2\fastjson2\2.0.7\fastjson2-2.0.7.jar;D:\tools\repository\org\springframework\security\spring-security-core\5.7.10\spring-security-core-5.7.10.jar;D:\tools\repository\org\springframework\security\spring-security-crypto\5.7.10\spring-security-crypto-5.7.10.jar;D:\tools\repository\org\springframework\spring-aop\5.3.29\spring-aop-5.3.29.jar;D:\tools\repository\org\springframework\spring-beans\5.3.29\spring-beans-5.3.29.jar;D:\tools\repository\org\springframework\spring-context\5.3.29\spring-context-5.3.29.jar;D:\tools\repository\org\springframework\spring-expression\5.3.29\spring-expression-5.3.29.jar;D:\tools\repository\io\jsonwebtoken\jjwt\0.9.1\jjwt-0.9.1.jar;D:\tools\repository\com\fasterxml\jackson\core\jackson-databind\2.13.5\jackson-databind-2.13.5.jar;D:\tools\repository\com\fasterxml\jackson\core\jackson-annotations\2.13.5\jackson-annotations-2.13.5.jar;D:\tools\repository\com\fasterxml\jackson\core\jackson-core\2.13.5\jackson-core-2.13.5.jar;D:\tools\repository\io\springfox\springfox-boot-starter\3.0.0\springfox-boot-starter-3.0.0.jar;D:\tools\repository\io\springfox\springfox-oas\3.0.0\springfox-oas-3.0.0.jar;D:\tools\repository\io\swagger\core\v3\swagger-annotations\2.1.2\swagger-annotations-2.1.2.jar;D:\tools\repository\io\swagger\core\v3\swagger-models\2.1.2\swagger-models-2.1.2.jar;D:\tools\repository\io\springfox\springfox-spi\3.0.0\springfox-spi-3.0.0.jar;D:\tools\repository\io\springfox\springfox-schema\3.0.0\springfox-schema-3.0.0.jar;D:\tools\repository\io\springfox\springfox-core\3.0.0\springfox-core-3.0.0.jar;D:\tools\repository\io\springfox\springfox-spring-web\3.0.0\springfox-spring-web-3.0.0.jar;D:\tools\repository\io\github\classgraph\classgraph\4.8.83\classgraph-4.8.83.jar;D:\tools\repository\io\springfox\springfox-spring-webmvc\3.0.0\springfox-spring-webmvc-3.0.0.jar;D:\tools\repository\io\springfox\springfox-spring-webflux\3.0.0\springfox-spring-webflux-3.0.0.jar;D:\tools\repository\io\springfox\springfox-swagger-common\3.0.0\springfox-swagger-common-3.0.0.jar;D:\tools\repository\org\mapstruct\mapstruct\1.3.1.Final\mapstruct-1.3.1.Final.jar;D:\tools\repository\io\springfox\springfox-data-rest\3.0.0\springfox-data-rest-3.0.0.jar;D:\tools\repository\io\springfox\springfox-bean-validators\3.0.0\springfox-bean-validators-3.0.0.jar;D:\tools\repository\io\springfox\springfox-swagger2\3.0.0\springfox-swagger2-3.0.0.jar;D:\tools\repository\io\swagger\swagger-annotations\1.5.20\swagger-annotations-1.5.20.jar;D:\tools\repository\io\swagger\swagger-models\1.5.20\swagger-models-1.5.20.jar;D:\tools\repository\io\springfox\springfox-swagger-ui\3.0.0\springfox-swagger-ui-3.0.0.jar;D:\tools\repository\com\fasterxml\classmate\1.5.1\classmate-1.5.1.jar;D:\tools\repository\org\slf4j\slf4j-api\1.7.36\slf4j-api-1.7.36.jar;D:\tools\repository\org\springframework\plugin\spring-plugin-core\2.0.0.RELEASE\spring-plugin-core-2.0.0.RELEASE.jar;D:\tools\repository\org\springframework\plugin\spring-plugin-metadata\2.0.0.RELEASE\spring-plugin-metadata-2.0.0.RELEASE.jar;"/>
    <property name="java.vm.vendor" value="Oracle Corporation"/>
    <property name="sun.arch.data.model" value="64"/>
    <property name="user.variant" value=""/>
    <property name="java.vendor.url" value="http://java.oracle.com/"/>
    <property name="user.timezone" value="GMT+08:00"/>
    <property name="java.vm.specification.version" value="1.8"/>
    <property name="os.name" value="Windows 10"/>
    <property name="user.country" value="CN"/>
    <property name="sun.java.launcher" value="SUN_STANDARD"/>
    <property name="sun.boot.library.path" value="C:\Program Files\Java\jdk1.8.0_131\jre\bin"/>
    <property name="sun.java.command" value="C:\Users\19419\AppData\Local\Temp\surefire8462529615935857279\surefirebooter8308718072559900728.jar C:\Users\19419\AppData\Local\Temp\surefire8462529615935857279 2023-10-03T17-27-59_872-jvmRun1 surefire6281903462202186553tmp surefire_04921835147466747997tmp"/>
    <property name="surefire.test.class.path" value="D:\code\x-admin\target\test-classes;D:\code\x-admin\target\classes;D:\tools\repository\org\springframework\boot\spring-boot-starter\2.7.14\spring-boot-starter-2.7.14.jar;D:\tools\repository\org\springframework\boot\spring-boot\2.7.14\spring-boot-2.7.14.jar;D:\tools\repository\org\springframework\boot\spring-boot-autoconfigure\2.7.14\spring-boot-autoconfigure-2.7.14.jar;D:\tools\repository\org\springframework\boot\spring-boot-starter-logging\2.7.14\spring-boot-starter-logging-2.7.14.jar;D:\tools\repository\ch\qos\logback\logback-classic\1.2.12\logback-classic-1.2.12.jar;D:\tools\repository\ch\qos\logback\logback-core\1.2.12\logback-core-1.2.12.jar;D:\tools\repository\org\apache\logging\log4j\log4j-to-slf4j\2.17.2\log4j-to-slf4j-2.17.2.jar;D:\tools\repository\org\apache\logging\log4j\log4j-api\2.17.2\log4j-api-2.17.2.jar;D:\tools\repository\org\slf4j\jul-to-slf4j\1.7.36\jul-to-slf4j-1.7.36.jar;D:\tools\repository\jakarta\annotation\jakarta.annotation-api\1.3.5\jakarta.annotation-api-1.3.5.jar;D:\tools\repository\org\springframework\spring-core\5.3.29\spring-core-5.3.29.jar;D:\tools\repository\org\springframework\spring-jcl\5.3.29\spring-jcl-5.3.29.jar;D:\tools\repository\org\yaml\snakeyaml\1.30\snakeyaml-1.30.jar;D:\tools\repository\org\springframework\boot\spring-boot-starter-test\2.7.14\spring-boot-starter-test-2.7.14.jar;D:\tools\repository\org\springframework\boot\spring-boot-test\2.7.14\spring-boot-test-2.7.14.jar;D:\tools\repository\org\springframework\boot\spring-boot-test-autoconfigure\2.7.14\spring-boot-test-autoconfigure-2.7.14.jar;D:\tools\repository\com\jayway\jsonpath\json-path\2.7.0\json-path-2.7.0.jar;D:\tools\repository\net\minidev\json-smart\2.4.11\json-smart-2.4.11.jar;D:\tools\repository\net\minidev\accessors-smart\2.4.11\accessors-smart-2.4.11.jar;D:\tools\repository\org\ow2\asm\asm\9.3\asm-9.3.jar;D:\tools\repository\jakarta\xml\bind\jakarta.xml.bind-api\2.3.3\jakarta.xml.bind-api-2.3.3.jar;D:\tools\repository\jakarta\activation\jakarta.activation-api\1.2.2\jakarta.activation-api-1.2.2.jar;D:\tools\repository\org\assertj\assertj-core\3.22.0\assertj-core-3.22.0.jar;D:\tools\repository\org\hamcrest\hamcrest\2.2\hamcrest-2.2.jar;D:\tools\repository\org\junit\jupiter\junit-jupiter\5.8.2\junit-jupiter-5.8.2.jar;D:\tools\repository\org\junit\jupiter\junit-jupiter-api\5.8.2\junit-jupiter-api-5.8.2.jar;D:\tools\repository\org\opentest4j\opentest4j\1.2.0\opentest4j-1.2.0.jar;D:\tools\repository\org\junit\platform\junit-platform-commons\1.8.2\junit-platform-commons-1.8.2.jar;D:\tools\repository\org\apiguardian\apiguardian-api\1.1.2\apiguardian-api-1.1.2.jar;D:\tools\repository\org\junit\jupiter\junit-jupiter-params\5.8.2\junit-jupiter-params-5.8.2.jar;D:\tools\repository\org\junit\jupiter\junit-jupiter-engine\5.8.2\junit-jupiter-engine-5.8.2.jar;D:\tools\repository\org\junit\platform\junit-platform-engine\1.8.2\junit-platform-engine-1.8.2.jar;D:\tools\repository\org\mockito\mockito-core\4.5.1\mockito-core-4.5.1.jar;D:\tools\repository\net\bytebuddy\byte-buddy\1.12.23\byte-buddy-1.12.23.jar;D:\tools\repository\net\bytebuddy\byte-buddy-agent\1.12.23\byte-buddy-agent-1.12.23.jar;D:\tools\repository\org\objenesis\objenesis\3.2\objenesis-3.2.jar;D:\tools\repository\org\mockito\mockito-junit-jupiter\4.5.1\mockito-junit-jupiter-4.5.1.jar;D:\tools\repository\org\skyscreamer\jsonassert\1.5.1\jsonassert-1.5.1.jar;D:\tools\repository\com\vaadin\external\google\android-json\0.0.20131108.vaadin1\android-json-0.0.20131108.vaadin1.jar;D:\tools\repository\org\springframework\spring-test\5.3.29\spring-test-5.3.29.jar;D:\tools\repository\org\xmlunit\xmlunit-core\2.9.1\xmlunit-core-2.9.1.jar;D:\tools\repository\org\springframework\boot\spring-boot-starter-web\2.7.14\spring-boot-starter-web-2.7.14.jar;D:\tools\repository\org\springframework\boot\spring-boot-starter-json\2.7.14\spring-boot-starter-json-2.7.14.jar;D:\tools\repository\com\fasterxml\jackson\datatype\jackson-datatype-jdk8\2.13.5\jackson-datatype-jdk8-2.13.5.jar;D:\tools\repository\com\fasterxml\jackson\datatype\jackson-datatype-jsr310\2.13.5\jackson-datatype-jsr310-2.13.5.jar;D:\tools\repository\com\fasterxml\jackson\module\jackson-module-parameter-names\2.13.5\jackson-module-parameter-names-2.13.5.jar;D:\tools\repository\org\springframework\boot\spring-boot-starter-tomcat\2.7.14\spring-boot-starter-tomcat-2.7.14.jar;D:\tools\repository\org\apache\tomcat\embed\tomcat-embed-core\9.0.78\tomcat-embed-core-9.0.78.jar;D:\tools\repository\org\apache\tomcat\embed\tomcat-embed-el\9.0.78\tomcat-embed-el-9.0.78.jar;D:\tools\repository\org\apache\tomcat\embed\tomcat-embed-websocket\9.0.78\tomcat-embed-websocket-9.0.78.jar;D:\tools\repository\org\springframework\spring-web\5.3.29\spring-web-5.3.29.jar;D:\tools\repository\org\springframework\spring-webmvc\5.3.29\spring-webmvc-5.3.29.jar;D:\tools\repository\com\mysql\mysql-connector-j\8.0.33\mysql-connector-j-8.0.33.jar;D:\tools\repository\com\baomidou\mybatis-plus-boot-starter\3.5.2\mybatis-plus-boot-starter-3.5.2.jar;D:\tools\repository\com\baomidou\mybatis-plus\3.5.2\mybatis-plus-3.5.2.jar;D:\tools\repository\com\baomidou\mybatis-plus-extension\3.5.2\mybatis-plus-extension-3.5.2.jar;D:\tools\repository\com\baomidou\mybatis-plus-core\3.5.2\mybatis-plus-core-3.5.2.jar;D:\tools\repository\com\baomidou\mybatis-plus-annotation\3.5.2\mybatis-plus-annotation-3.5.2.jar;D:\tools\repository\com\github\jsqlparser\jsqlparser\4.4\jsqlparser-4.4.jar;D:\tools\repository\org\mybatis\mybatis\3.5.10\mybatis-3.5.10.jar;D:\tools\repository\org\mybatis\mybatis-spring\2.0.7\mybatis-spring-2.0.7.jar;D:\tools\repository\org\jetbrains\kotlin\kotlin-stdlib-jdk8\1.6.21\kotlin-stdlib-jdk8-1.6.21.jar;D:\tools\repository\org\jetbrains\kotlin\kotlin-stdlib\1.6.21\kotlin-stdlib-1.6.21.jar;D:\tools\repository\org\jetbrains\kotlin\kotlin-stdlib-common\1.6.21\kotlin-stdlib-common-1.6.21.jar;D:\tools\repository\org\jetbrains\annotations\13.0\annotations-13.0.jar;D:\tools\repository\org\jetbrains\kotlin\kotlin-stdlib-jdk7\1.6.21\kotlin-stdlib-jdk7-1.6.21.jar;D:\tools\repository\org\springframework\boot\spring-boot-starter-jdbc\2.7.14\spring-boot-starter-jdbc-2.7.14.jar;D:\tools\repository\com\zaxxer\HikariCP\4.0.3\HikariCP-4.0.3.jar;D:\tools\repository\org\springframework\spring-jdbc\5.3.29\spring-jdbc-5.3.29.jar;D:\tools\repository\com\baomidou\mybatis-plus-generator\3.5.2\mybatis-plus-generator-3.5.2.jar;D:\tools\repository\org\freemarker\freemarker\2.3.32\freemarker-2.3.32.jar;D:\tools\repository\org\projectlombok\lombok\1.18.28\lombok-1.18.28.jar;D:\tools\repository\org\springframework\boot\spring-boot-starter-data-redis\2.7.14\spring-boot-starter-data-redis-2.7.14.jar;D:\tools\repository\org\springframework\data\spring-data-redis\2.7.14\spring-data-redis-2.7.14.jar;D:\tools\repository\org\springframework\data\spring-data-keyvalue\2.7.14\spring-data-keyvalue-2.7.14.jar;D:\tools\repository\org\springframework\data\spring-data-commons\2.7.14\spring-data-commons-2.7.14.jar;D:\tools\repository\org\springframework\spring-tx\5.3.29\spring-tx-5.3.29.jar;D:\tools\repository\org\springframework\spring-oxm\5.3.29\spring-oxm-5.3.29.jar;D:\tools\repository\org\springframework\spring-context-support\5.3.29\spring-context-support-5.3.29.jar;D:\tools\repository\io\lettuce\lettuce-core\6.1.10.RELEASE\lettuce-core-6.1.10.RELEASE.jar;D:\tools\repository\io\netty\netty-common\4.1.94.Final\netty-common-4.1.94.Final.jar;D:\tools\repository\io\netty\netty-handler\4.1.94.Final\netty-handler-4.1.94.Final.jar;D:\tools\repository\io\netty\netty-resolver\4.1.94.Final\netty-resolver-4.1.94.Final.jar;D:\tools\repository\io\netty\netty-buffer\4.1.94.Final\netty-buffer-4.1.94.Final.jar;D:\tools\repository\io\netty\netty-transport-native-unix-common\4.1.94.Final\netty-transport-native-unix-common-4.1.94.Final.jar;D:\tools\repository\io\netty\netty-codec\4.1.94.Final\netty-codec-4.1.94.Final.jar;D:\tools\repository\io\netty\netty-transport\4.1.94.Final\netty-transport-4.1.94.Final.jar;D:\tools\repository\io\projectreactor\reactor-core\3.4.31\reactor-core-3.4.31.jar;D:\tools\repository\org\reactivestreams\reactive-streams\1.0.4\reactive-streams-1.0.4.jar;D:\tools\repository\com\alibaba\fastjson2\fastjson2\2.0.7\fastjson2-2.0.7.jar;D:\tools\repository\org\springframework\security\spring-security-core\5.7.10\spring-security-core-5.7.10.jar;D:\tools\repository\org\springframework\security\spring-security-crypto\5.7.10\spring-security-crypto-5.7.10.jar;D:\tools\repository\org\springframework\spring-aop\5.3.29\spring-aop-5.3.29.jar;D:\tools\repository\org\springframework\spring-beans\5.3.29\spring-beans-5.3.29.jar;D:\tools\repository\org\springframework\spring-context\5.3.29\spring-context-5.3.29.jar;D:\tools\repository\org\springframework\spring-expression\5.3.29\spring-expression-5.3.29.jar;D:\tools\repository\io\jsonwebtoken\jjwt\0.9.1\jjwt-0.9.1.jar;D:\tools\repository\com\fasterxml\jackson\core\jackson-databind\2.13.5\jackson-databind-2.13.5.jar;D:\tools\repository\com\fasterxml\jackson\core\jackson-annotations\2.13.5\jackson-annotations-2.13.5.jar;D:\tools\repository\com\fasterxml\jackson\core\jackson-core\2.13.5\jackson-core-2.13.5.jar;D:\tools\repository\io\springfox\springfox-boot-starter\3.0.0\springfox-boot-starter-3.0.0.jar;D:\tools\repository\io\springfox\springfox-oas\3.0.0\springfox-oas-3.0.0.jar;D:\tools\repository\io\swagger\core\v3\swagger-annotations\2.1.2\swagger-annotations-2.1.2.jar;D:\tools\repository\io\swagger\core\v3\swagger-models\2.1.2\swagger-models-2.1.2.jar;D:\tools\repository\io\springfox\springfox-spi\3.0.0\springfox-spi-3.0.0.jar;D:\tools\repository\io\springfox\springfox-schema\3.0.0\springfox-schema-3.0.0.jar;D:\tools\repository\io\springfox\springfox-core\3.0.0\springfox-core-3.0.0.jar;D:\tools\repository\io\springfox\springfox-spring-web\3.0.0\springfox-spring-web-3.0.0.jar;D:\tools\repository\io\github\classgraph\classgraph\4.8.83\classgraph-4.8.83.jar;D:\tools\repository\io\springfox\springfox-spring-webmvc\3.0.0\springfox-spring-webmvc-3.0.0.jar;D:\tools\repository\io\springfox\springfox-spring-webflux\3.0.0\springfox-spring-webflux-3.0.0.jar;D:\tools\repository\io\springfox\springfox-swagger-common\3.0.0\springfox-swagger-common-3.0.0.jar;D:\tools\repository\org\mapstruct\mapstruct\1.3.1.Final\mapstruct-1.3.1.Final.jar;D:\tools\repository\io\springfox\springfox-data-rest\3.0.0\springfox-data-rest-3.0.0.jar;D:\tools\repository\io\springfox\springfox-bean-validators\3.0.0\springfox-bean-validators-3.0.0.jar;D:\tools\repository\io\springfox\springfox-swagger2\3.0.0\springfox-swagger2-3.0.0.jar;D:\tools\repository\io\swagger\swagger-annotations\1.5.20\swagger-annotations-1.5.20.jar;D:\tools\repository\io\swagger\swagger-models\1.5.20\swagger-models-1.5.20.jar;D:\tools\repository\io\springfox\springfox-swagger-ui\3.0.0\springfox-swagger-ui-3.0.0.jar;D:\tools\repository\com\fasterxml\classmate\1.5.1\classmate-1.5.1.jar;D:\tools\repository\org\slf4j\slf4j-api\1.7.36\slf4j-api-1.7.36.jar;D:\tools\repository\org\springframework\plugin\spring-plugin-core\2.0.0.RELEASE\spring-plugin-core-2.0.0.RELEASE.jar;D:\tools\repository\org\springframework\plugin\spring-plugin-metadata\2.0.0.RELEASE\spring-plugin-metadata-2.0.0.RELEASE.jar;"/>
    <property name="sun.cpu.endian" value="little"/>
    <property name="user.home" value="C:\Users\19419"/>
    <property name="user.language" value="zh"/>
    <property name="java.specification.vendor" value="Oracle Corporation"/>
    <property name="java.home" value="C:\Program Files\Java\jdk1.8.0_131\jre"/>
    <property name="basedir" value="D:\code\x-admin"/>
    <property name="file.separator" value="\"/>
    <property name="line.separator" value="&#10;"/>
    <property name="java.vm.specification.vendor" value="Oracle Corporation"/>
    <property name="java.specification.name" value="Java Platform API Specification"/>
    <property name="java.awt.graphicsenv" value="sun.awt.Win32GraphicsEnvironment"/>
    <property name="surefire.real.class.path" value="C:\Users\19419\AppData\Local\Temp\surefire8462529615935857279\surefirebooter8308718072559900728.jar"/>
    <property name="sun.boot.class.path" value="C:\Program Files\Java\jdk1.8.0_131\jre\lib\resources.jar;C:\Program Files\Java\jdk1.8.0_131\jre\lib\rt.jar;C:\Program Files\Java\jdk1.8.0_131\jre\lib\sunrsasign.jar;C:\Program Files\Java\jdk1.8.0_131\jre\lib\jsse.jar;C:\Program Files\Java\jdk1.8.0_131\jre\lib\jce.jar;C:\Program Files\Java\jdk1.8.0_131\jre\lib\charsets.jar;C:\Program Files\Java\jdk1.8.0_131\jre\lib\jfr.jar;C:\Program Files\Java\jdk1.8.0_131\jre\classes"/>
    <property name="user.script" value=""/>
    <property name="sun.management.compiler" value="HotSpot 64-Bit Tiered Compilers"/>
    <property name="java.runtime.version" value="1.8.0_131-b11"/>
    <property name="user.name" value="19419"/>
    <property name="path.separator" value=";"/>
    <property name="os.version" value="10.0"/>
    <property name="java.endorsed.dirs" value="C:\Program Files\Java\jdk1.8.0_131\jre\lib\endorsed"/>
    <property name="java.runtime.name" value="Java(TM) SE Runtime Environment"/>
    <property name="file.encoding" value="GBK"/>
    <property name="java.vm.name" value="Java HotSpot(TM) 64-Bit Server VM"/>
    <property name="localRepository" value="D:\tools\repository"/>
    <property name="java.vendor.url.bug" value="http://bugreport.sun.com/bugreport/"/>
    <property name="java.io.tmpdir" value="C:\Users\19419\AppData\Local\Temp\"/>
    <property name="java.version" value="1.8.0_131"/>
    <property name="user.dir" value="D:\code\x-admin"/>
    <property name="os.arch" value="amd64"/>
    <property name="java.vm.specification.name" value="Java Virtual Machine Specification"/>
    <property name="java.awt.printerjob" value="sun.awt.windows.WPrinterJob"/>
    <property name="sun.os.patch.level" value=""/>
    <property name="java.library.path" value="C:\Program Files\Java\jdk1.8.0_131\jre\bin;C:\WINDOWS\Sun\Java\bin;C:\WINDOWS\system32;C:\WINDOWS;D:\VMware\bin\;C:\ProgramData\Oracle\Java\javapath;C:\Program Files\Microsoft MPI\Bin\;C:\Program Files\MySQL\MySQL Server 5.5\bin\mysqld\bin;C:\WINDOWS;C:\WINDOWS\System32\Wbem;C:\WINDOWS\System32\WindowsPowerShell\v1.0\;&quot;C:\Program Files\Java\jdk1.8.0_121\bin;C:\Program Files\Java\jdk1.8.0_121\jre\bin&quot;;C:\WINDOWS\system32;C:\Program Files\Microsoft SQL Server\Client SDK\ODBC\170\Tools\Binn\;C:\Program Files (x86)\Microsoft SQL Server\150\Tools\Binn\;C:\Program Files\Microsoft SQL Server\150\Tools\Binn\;C:\Program Files\Microsoft SQL Server\150\DTS\Binn\;C:\Program Files (x86)\Microsoft SQL Server\100\Tools\Binn\;C:\Program Files\Microsoft SQL Server\100\Tools\Binn\;C:\Program Files\Microsoft SQL Server\100\DTS\Binn\;C:\Program Files (x86)\Microsoft SQL Server\100\Tools\Binn\VSShell\Common7\IDE\;C:\Program Files (x86)\Microsoft Visual Studio 9.0\Common7\IDE\PrivateAssemblies\;C:\Program Files (x86)\Microsoft SQL Server\100\DTS\Binn\;D:\上海海洋大学项目开发工具\Microsoft VS Code\bin;D:\tools\apache-maven-3.6.2\bin;D:\Program Files\nodejs\npm_modules\;D:\BaiduNetdiskDownload\matlab\runtime\win64;D:\BaiduNetdiskDownload\matlab\bin;D:\BaiduNetdiskDownload\matlab\polyspace\bin;C:\Program Files\MySQL\MySQL Server 5.5\bin;D:\tools\nvm;D:\tools\nodejs;D:\;.;C:\Program Files\Java\jdk1.8.0_131\bin;C:\Program Files\Java\jdk1.8.0_131\jre\bin;D:\tools\nvm;D:\tools\nodejs;."/>
    <property name="java.vm.info" value="mixed mode"/>
    <property name="java.vendor" value="Oracle Corporation"/>
    <property name="java.vm.version" value="25.131-b11"/>
    <property name="java.ext.dirs" value="C:\Program Files\Java\jdk1.8.0_131\jre\lib\ext;C:\WINDOWS\Sun\Java\lib\ext"/>
    <property name="sun.io.unicode.encoding" value="UnicodeLittle"/>
    <property name="java.class.version" value="52.0"/>
  </properties>
  <testcase name="testCreatJwt" classname="com.system.xadmin.JwtUtilTest" time="1.162"/>
  <testcase name="testParseToken" classname="com.system.xadmin.JwtUtilTest" time="0.026">
    <error message="JWT expired at 2023-09-28T09:42:55Z. Current time: 2023-10-03T17:28:10Z, a difference of 459915857 milliseconds.  Allowed clock skew: 0 milliseconds." type="io.jsonwebtoken.ExpiredJwtException">io.jsonwebtoken.ExpiredJwtException: JWT expired at 2023-09-28T09:42:55Z. Current time: 2023-10-03T17:28:10Z, a difference of 459915857 milliseconds.  Allowed clock skew: 0 milliseconds.
	at com.system.xadmin.JwtUtilTest.testParseToken(JwtUtilTest.java:31)
</error>
  </testcase>
</testsuite>